{"level":"error","message":"âœ˜ Completions for node Send ([56:4, 56:35] - tomJerryNibbles.wtest) failed: Error: [Send]{524ed6} at tomJerryNibbles.wtest:56 exhausted all cases without a match [Send]{524ed6} at tomJerryNibbles.wtest:56 exhausted all cases without a match","stack":"Error: [Send]{524ed6} at tomJerryNibbles.wtest:56 exhausted all cases without a match\n    at c:\\Users\\UNAHUR\\.vscode\\extensions\\uqbar.wollok-lsp-ide-0.5.0\\out\\server\\src\\server.js:38:6142\n    at Gh (c:\\Users\\UNAHUR\\.vscode\\extensions\\uqbar.wollok-lsp-ide-0.5.0\\out\\server\\src\\server.js:2362:42)\n    at c:\\Users\\UNAHUR\\.vscode\\extensions\\uqbar.wollok-lsp-ide-0.5.0\\out\\server\\src\\server.js:2362:2949\n    at c:\\Users\\UNAHUR\\.vscode\\extensions\\uqbar.wollok-lsp-ide-0.5.0\\out\\server\\src\\server.js:2371:8632\n    at c:\\Users\\UNAHUR\\.vscode\\extensions\\uqbar.wollok-lsp-ide-0.5.0\\out\\server\\src\\server.js:37:74872\n    at Ye (c:\\Users\\UNAHUR\\.vscode\\extensions\\uqbar.wollok-lsp-ide-0.5.0\\out\\server\\src\\server.js:7:8527)\n    at Dt (c:\\Users\\UNAHUR\\.vscode\\extensions\\uqbar.wollok-lsp-ide-0.5.0\\out\\server\\src\\server.js:7:6189)\n    at Zi (c:\\Users\\UNAHUR\\.vscode\\extensions\\uqbar.wollok-lsp-ide-0.5.0\\out\\server\\src\\server.js:7:6378)\n    at Immediate._onImmediate (c:\\Users\\UNAHUR\\.vscode\\extensions\\uqbar.wollok-lsp-ide-0.5.0\\out\\server\\src\\server.js:7:6142)\n    at process.processImmediate (node:internal/timers:483:21)","timestamp":"2025-04-08T18:20:28.857Z"}
{"level":"info","message":"onRequest - completionItem/resolve","timestamp":"2025-04-08T18:20:28.951Z"}
{"level":"info","message":"âŒ› Validating tomJerryNibbles.wtest","timeElapsed":104,"timestamp":"2025-04-08T18:20:29.763Z"}
{"level":"info","message":"âŒ› Validating tomJerryNibbles.wtest","timeElapsed":115,"timestamp":"2025-04-08T18:20:30.002Z"}
{"level":"info","message":"âŒ› Validating tomJerryNibbles.wtest","timeElapsed":122,"timestamp":"2025-04-08T18:20:30.240Z"}
{"level":"info","message":"âŒ› Building environment","timeElapsed":104,"timestamp":"2025-04-08T18:20:30.345Z"}
{"level":"error","message":"âœ˜ Completions for node Send ([56:4, 56:40] - tomJerryNibbles.wtest) failed: Error: [Send]{40a5f0} at tomJerryNibbles.wtest:56 exhausted all cases without a match [Send]{40a5f0} at tomJerryNibbles.wtest:56 exhausted all cases without a match","stack":"Error: [Send]{40a5f0} at tomJerryNibbles.wtest:56 exhausted all cases without a match\n    at c:\\Users\\UNAHUR\\.vscode\\extensions\\uqbar.wollok-lsp-ide-0.5.0\\out\\server\\src\\server.js:38:6142\n    at Gh (c:\\Users\\UNAHUR\\.vscode\\extensions\\uqbar.wollok-lsp-ide-0.5.0\\out\\server\\src\\server.js:2362:42)\n    at c:\\Users\\UNAHUR\\.vscode\\extensions\\uqbar.wollok-lsp-ide-0.5.0\\out\\server\\src\\server.js:2362:2949\n    at c:\\Users\\UNAHUR\\.vscode\\extensions\\uqbar.wollok-lsp-ide-0.5.0\\out\\server\\src\\server.js:2371:8632\n    at c:\\Users\\UNAHUR\\.vscode\\extensions\\uqbar.wollok-lsp-ide-0.5.0\\out\\server\\src\\server.js:37:74872\n    at Ye (c:\\Users\\UNAHUR\\.vscode\\extensions\\uqbar.wollok-lsp-ide-0.5.0\\out\\server\\src\\server.js:7:8527)\n    at Dt (c:\\Users\\UNAHUR\\.vscode\\extensions\\uqbar.wollok-lsp-ide-0.5.0\\out\\server\\src\\server.js:7:6189)\n    at Zi (c:\\Users\\UNAHUR\\.vscode\\extensions\\uqbar.wollok-lsp-ide-0.5.0\\out\\server\\src\\server.js:7:6378)\n    at Immediate._onImmediate (c:\\Users\\UNAHUR\\.vscode\\extensions\\uqbar.wollok-lsp-ide-0.5.0\\out\\server\\src\\server.js:7:6142)\n    at process.processImmediate (node:internal/timers:483:21)","timestamp":"2025-04-08T18:20:30.362Z"}
{"level":"info","message":"âŒ› Validating tomJerryNibbles.wtest","timeElapsed":110,"timestamp":"2025-04-08T18:20:30.476Z"}
{"level":"info","message":"âŒ› Validating tomJerryNibbles.wtest","timeElapsed":101,"timestamp":"2025-04-08T18:20:49.807Z"}
{"level":"info","message":"âŒ› Validating tomJerryNibbles.wtest","timeElapsed":113,"timestamp":"2025-04-08T18:20:58.797Z"}
{"level":"info","message":"âŒ› Validating tomJerryNibbles.wtest","timeElapsed":114,"timestamp":"2025-04-08T18:21:21.517Z"}
{"level":"info","message":"âŒ› Validating tomJerryNibbles.wtest","timeElapsed":113,"timestamp":"2025-04-08T18:21:21.998Z"}
{"level":"info","message":"âŒ› Validating tomJerryNibbles.wtest","timeElapsed":121,"timestamp":"2025-04-08T18:21:22.205Z"}
{"level":"info","message":"âŒ› Validating tomJerryNibbles.wtest","timeElapsed":102,"timestamp":"2025-04-08T18:21:22.313Z"}
{"level":"info","message":"âŒ› Validating tomJerryNibbles.wtest","timeElapsed":104,"timestamp":"2025-04-08T18:21:22.669Z"}
{"level":"error","message":"âœ˜ Completions for node Send ([8:69, 8:88] - tomJerryNibbles.wlk) failed: Error: [Send]{11c4b5} at tomJerryNibbles.wlk:8 exhausted all cases without a match [Send]{11c4b5} at tomJerryNibbles.wlk:8 exhausted all cases without a match","stack":"Error: [Send]{11c4b5} at tomJerryNibbles.wlk:8 exhausted all cases without a match\n    at c:\\Users\\UNAHUR\\.vscode\\extensions\\uqbar.wollok-lsp-ide-0.5.0\\out\\server\\src\\server.js:38:6142\n    at Gh (c:\\Users\\UNAHUR\\.vscode\\extensions\\uqbar.wollok-lsp-ide-0.5.0\\out\\server\\src\\server.js:2362:42)\n    at Kh (c:\\Users\\UNAHUR\\.vscode\\extensions\\uqbar.wollok-lsp-ide-0.5.0\\out\\server\\src\\server.js:2362:1053)\n    at d8n (c:\\Users\\UNAHUR\\.vscode\\extensions\\uqbar.wollok-lsp-ide-0.5.0\\out\\server\\src\\server.js:2362:1209)\n    at c:\\Users\\UNAHUR\\.vscode\\extensions\\uqbar.wollok-lsp-ide-0.5.0\\out\\server\\src\\server.js:38:6131\n    at Gh (c:\\Users\\UNAHUR\\.vscode\\extensions\\uqbar.wollok-lsp-ide-0.5.0\\out\\server\\src\\server.js:2362:42)\n    at c:\\Users\\UNAHUR\\.vscode\\extensions\\uqbar.wollok-lsp-ide-0.5.0\\out\\server\\src\\server.js:2362:2949\n    at c:\\Users\\UNAHUR\\.vscode\\extensions\\uqbar.wollok-lsp-ide-0.5.0\\out\\server\\src\\server.js:2371:8632\n    at c:\\Users\\UNAHUR\\.vscode\\extensions\\uqbar.wollok-lsp-ide-0.5.0\\out\\server\\src\\server.js:37:74872\n    at Ye (c:\\Users\\UNAHUR\\.vscode\\extensions\\uqbar.wollok-lsp-ide-0.5.0\\out\\server\\src\\server.js:7:8527)","timestamp":"2025-04-08T18:21:53.170Z"}
{"level":"error","message":"âœ˜ Completions for node If ([8:37, 8:89] - tomJerryNibbles.wlk) failed: Error: [If]{61c88b} at tomJerryNibbles.wlk:8 exhausted all cases without a match [If]{61c88b} at tomJerryNibbles.wlk:8 exhausted all cases without a match","stack":"Error: [If]{61c88b} at tomJerryNibbles.wlk:8 exhausted all cases without a match\n    at c:\\Users\\UNAHUR\\.vscode\\extensions\\uqbar.wollok-lsp-ide-0.5.0\\out\\server\\src\\server.js:38:6142\n    at Gh (c:\\Users\\UNAHUR\\.vscode\\extensions\\uqbar.wollok-lsp-ide-0.5.0\\out\\server\\src\\server.js:2362:42)\n    at Kh (c:\\Users\\UNAHUR\\.vscode\\extensions\\uqbar.wollok-lsp-ide-0.5.0\\out\\server\\src\\server.js:2362:1053)\n    at t8n (c:\\Users\\UNAHUR\\.vscode\\extensions\\uqbar.wollok-lsp-ide-0.5.0\\out\\server\\src\\server.js:2362:779)\n    at c:\\Users\\UNAHUR\\.vscode\\extensions\\uqbar.wollok-lsp-ide-0.5.0\\out\\server\\src\\server.js:38:6131\n    at Gh (c:\\Users\\UNAHUR\\.vscode\\extensions\\uqbar.wollok-lsp-ide-0.5.0\\out\\server\\src\\server.js:2362:42)\n    at Kh (c:\\Users\\UNAHUR\\.vscode\\extensions\\uqbar.wollok-lsp-ide-0.5.0\\out\\server\\src\\server.js:2362:1053)\n    at Gh (c:\\Users\\UNAHUR\\.vscode\\extensions\\uqbar.wollok-lsp-ide-0.5.0\\out\\server\\src\\server.js:2362:505)\n    at Kh (c:\\Users\\UNAHUR\\.vscode\\extensions\\uqbar.wollok-lsp-ide-0.5.0\\out\\server\\src\\server.js:2362:1053)\n    at d8n (c:\\Users\\UNAHUR\\.vscode\\extensions\\uqbar.wollok-lsp-ide-0.5.0\\out\\server\\src\\server.js:2362:1209)","timestamp":"2025-04-08T18:21:53.170Z"}
{"level":"info","message":"onRequest - completionItem/resolve","timestamp":"2025-04-08T18:21:53.273Z"}
{"level":"info","message":"âŒ› Building environment","timeElapsed":109,"timestamp":"2025-04-08T18:21:53.383Z"}
{"level":"info","message":"onRequest - completionItem/resolve","timestamp":"2025-04-08T18:21:53.384Z"}
{"level":"info","message":"âŒ› Validating tomJerryNibbles.wlk","timeElapsed":152,"timestamp":"2025-04-08T18:21:53.536Z"}
{"level":"info","message":"onRequest - completionItem/resolve","timestamp":"2025-04-08T18:21:53.614Z"}
{"level":"info","message":"âŒ› Validating tomJerryNibbles.wlk","timeElapsed":112,"timestamp":"2025-04-08T18:21:53.726Z"}
{"level":"info","message":"âŒ› Building environment","timeElapsed":104,"timestamp":"2025-04-08T18:21:53.830Z"}
{"level":"info","message":"onRequest - completionItem/resolve","timestamp":"2025-04-08T18:21:53.830Z"}
{"level":"info","message":"âŒ› Validating tomJerryNibbles.wlk","timeElapsed":102,"timestamp":"2025-04-08T18:21:53.933Z"}
{"level":"info","message":"âŒ› Validating tomJerryNibbles.wlk","timeElapsed":101,"timestamp":"2025-04-08T18:21:54.193Z"}
{"level":"info","message":"onRequest - completionItem/resolve","timestamp":"2025-04-08T18:21:54.194Z"}
{"level":"info","message":"âŒ› Validating tomJerryNibbles.wlk","timeElapsed":101,"timestamp":"2025-04-08T18:21:54.630Z"}
{"level":"info","message":"âŒ› Validating tomJerryNibbles.wlk","timeElapsed":104,"timestamp":"2025-04-08T18:21:58.613Z"}
{"level":"info","message":"âŒ› Validating tomJerryNibbles.wlk","timeElapsed":108,"timestamp":"2025-04-08T18:21:58.944Z"}
{"level":"info","message":"âŒ› Building environment","timeElapsed":142,"timestamp":"2025-04-08T18:23:01.743Z"}
{"level":"info","message":"âŒ› Validating tomJerryNibbles.wtest","timeElapsed":105,"timestamp":"2025-04-08T18:23:07.220Z"}
{"level":"info","message":"âŒ› Building environment","timeElapsed":202,"timestamp":"2025-04-08T18:30:56.062Z"}
{"level":"info","message":"onRequest - WORKSPACE_URI:file:///d%3A/ProyectosWollok2025/TomJerryNibbles-hernanianigro","timestamp":"2025-04-08T18:30:56.069Z"}
{"level":"info","message":"âŒ› Building environment","timeElapsed":163,"timestamp":"2025-04-08T18:30:56.233Z"}
{"level":"info","message":"âŒ› Building environment","timeElapsed":146,"timestamp":"2025-04-08T18:30:56.388Z"}
{"level":"info","message":"âŒ› Validating tomJerryNibbles.wlk","timeElapsed":216,"timestamp":"2025-04-08T18:30:56.608Z"}
{"level":"info","message":"âŒ› Building environment","timeElapsed":114,"timestamp":"2025-04-08T18:30:56.725Z"}
{"level":"info","message":"âŒ› Validating tomJerryNibbles.wtest","timeElapsed":103,"timestamp":"2025-04-08T18:30:56.842Z"}
{"level":"info","message":"ðŸ§ª Test runner executed on d:\\ProyectosWollok2025\\TomJerryNibbles-hernanianigro","result":{"errored":0,"failed":0,"ok":1},"testsFailed":[],"timeElapsed":425,"timestamp":"2025-04-08T18:31:11.989Z"}
{"level":"info","message":"ðŸ§ª Test runner executed on d:\\ProyectosWollok2025\\TomJerryNibbles-hernanianigro","result":{"errored":0,"failed":0,"ok":1},"testsFailed":[],"timeElapsed":403,"timestamp":"2025-04-08T18:31:20.413Z"}
{"level":"info","message":"ðŸ§ª Test runner executed on d:\\ProyectosWollok2025\\TomJerryNibbles-hernanianigro","result":{"errored":0,"failed":2,"ok":5},"testsFailed":[{"error":["wollok.lib.AssertionException: Expected <25.9> but found <23.9>","  at tomJerryNibbles.\"Test Tom y Jerry\".\"Jerry cumple aÃ±os (3 aÃ±os de edad), y luego Tom lo vuelve a comer, pasarÃ­a a tener 25.9 (su energia es 209)\" [tomJerryNibbles.wtest:37]"],"test":"tomJerryNibbles.\"Test Tom y Jerry\".\"Jerry cumple aÃ±os (3 aÃ±os de edad), y luego Tom lo vuelve a comer, pasarÃ­a a tener 25.9 (su energia es 209)\""},{"error":["wollok.lib.AssertionException: Expected <24> but found <22>","  at tomJerryNibbles.\"Test Tom y Jerry\".\"Tom corre 38 metros su velocidad pasa a ser 24 (su energia es 190)\" [tomJerryNibbles.wtest:48]"],"test":"tomJerryNibbles.\"Test Tom y Jerry\".\"Tom corre 38 metros su velocidad pasa a ser 24 (su energia es 190)\""}],"timeElapsed":445,"timestamp":"2025-04-08T18:31:26.323Z"}
{"level":"info","message":"âŒ› Building environment","timeElapsed":105,"timestamp":"2025-04-08T18:31:59.064Z"}
{"level":"info","message":"âŒ› Building environment","timeElapsed":119,"timestamp":"2025-04-08T18:32:11.425Z"}
{"level":"info","message":"âŒ› Validating tomJerryNibbles.wtest","timeElapsed":106,"timestamp":"2025-04-08T18:32:11.534Z"}
{"level":"info","message":"ðŸ§ª Test runner executed on d:\\ProyectosWollok2025\\TomJerryNibbles-hernanianigro","result":{"errored":0,"failed":2,"ok":5},"testsFailed":[{"error":["wollok.lib.AssertionException: Expected <209> but found <189>","  at tomJerryNibbles.\"Test Tom y Jerry\".\"Jerry cumple aÃ±os (3 aÃ±os de edad), y luego Tom lo vuelve a comer, pasarÃ­a a tener 25.9 (su energia es 209)\" [tomJerryNibbles.wtest:38]"],"test":"tomJerryNibbles.\"Test Tom y Jerry\".\"Jerry cumple aÃ±os (3 aÃ±os de edad), y luego Tom lo vuelve a comer, pasarÃ­a a tener 25.9 (su energia es 209)\""},{"error":["wollok.lib.AssertionException: Expected <190> but found <170>","  at tomJerryNibbles.\"Test Tom y Jerry\".\"Tom corre 38 metros su velocidad pasa a ser 24 (su energia es 190)\" [tomJerryNibbles.wtest:49]"],"test":"tomJerryNibbles.\"Test Tom y Jerry\".\"Tom corre 38 metros su velocidad pasa a ser 24 (su energia es 190)\""}],"timeElapsed":416,"timestamp":"2025-04-08T18:32:22.228Z"}
{"level":"info","message":"ðŸ§ª Test runner executed on d:\\ProyectosWollok2025\\TomJerryNibbles-hernanianigro","result":{"errored":0,"failed":1,"ok":0},"testsFailed":[{"error":["wollok.lib.AssertionException: Expected <209> but found <189>","  at tomJerryNibbles.\"Test Tom y Jerry\".\"Jerry cumple aÃ±os (3 aÃ±os de edad), y luego Tom lo vuelve a comer, pasarÃ­a a tener 25.9 (su energia es 209)\" [tomJerryNibbles.wtest:38]"],"test":"tomJerryNibbles.\"Test Tom y Jerry\".\"Jerry cumple aÃ±os (3 aÃ±os de edad), y luego Tom lo vuelve a comer, pasarÃ­a a tener 25.9 (su energia es 209)\""}],"timeElapsed":430,"timestamp":"2025-04-08T18:34:19.066Z"}
{"level":"info","message":"âŒ› Building environment","timeElapsed":112,"timestamp":"2025-04-08T18:34:35.514Z"}
{"level":"info","message":"âŒ› Validating tomJerryNibbles.wtest","timeElapsed":131,"timestamp":"2025-04-08T18:34:35.733Z"}
{"level":"info","message":"ðŸ§ª Test runner executed on d:\\ProyectosWollok2025\\TomJerryNibbles-hernanianigro","result":{"errored":0,"failed":0,"ok":1},"testsFailed":[],"timeElapsed":424,"timestamp":"2025-04-08T18:34:42.245Z"}
{"level":"info","message":"âŒ› Building environment","timeElapsed":144,"timestamp":"2025-04-08T18:34:49.776Z"}
{"level":"info","message":"âŒ› Validating tomJerryNibbles.wtest","timeElapsed":139,"timestamp":"2025-04-08T18:34:50.011Z"}
{"level":"info","message":"âŒ› Building environment","timeElapsed":109,"timestamp":"2025-04-08T18:34:55.371Z"}
{"level":"info","message":"âŒ› Validating tomJerryNibbles.wtest","timeElapsed":112,"timestamp":"2025-04-08T18:34:55.485Z"}
{"level":"info","message":"ðŸ§ª Test runner executed on d:\\ProyectosWollok2025\\TomJerryNibbles-hernanianigro","result":{"errored":0,"failed":1,"ok":0},"testsFailed":[{"error":["wollok.lib.AssertionException: Expected <190> but found <170>","  at tomJerryNibbles.\"Test Tom y Jerry\".\"Tom corre 38 metros su velocidad pasa a ser 24 (su energia es 190)\" [tomJerryNibbles.wtest:49]"],"test":"tomJerryNibbles.\"Test Tom y Jerry\".\"Tom corre 38 metros su velocidad pasa a ser 24 (su energia es 190)\""}],"timeElapsed":445,"timestamp":"2025-04-08T18:35:03.676Z"}
{"level":"info","message":"âŒ› Validating tomJerryNibbles.wtest","timeElapsed":103,"timestamp":"2025-04-08T18:35:11.218Z"}
{"level":"info","message":"ðŸ§ª Test runner executed on d:\\ProyectosWollok2025\\TomJerryNibbles-hernanianigro","result":{"errored":0,"failed":0,"ok":1},"testsFailed":[],"timeElapsed":383,"timestamp":"2025-04-08T18:35:22.545Z"}
{"level":"info","message":"ðŸ§ª Test runner executed on d:\\ProyectosWollok2025\\TomJerryNibbles-hernanianigro","result":{"errored":0,"failed":0,"ok":7},"testsFailed":[],"timeElapsed":434,"timestamp":"2025-04-08T18:35:36.519Z"}
